<?xml version="1.0" encoding="UTF-8" ?>
<testsuite errors="0" failures="0" hostname="ASRCK-H310M" name="org.gjt.sp.util.StandardUtilitiesTest" skipped="0" tests="49" time="0.169" timestamp="2021-12-12T19:57:59">
  <properties>
    <property name="sun.boot.library.path.ivy.instance" value="C:\Program Files\Java\jdk-11.0.12\bin" />
    <property name="java.specification.version" value="11" />
    <property name="java.specification.version.ivy.instance" value="11" />
    <property name="sun.cpu.isalist" value="amd64" />
    <property name="sun.cpu.endian.ivy.instance" value="little" />
    <property name="config.lib.dir" value="lib" />
    <property name="manual.filename.prefix" value="jedit5.6.0manual-" />
    <property name="sun.arch.data.model" value="64" />
    <property name="ivy.home" value="C:\Users\ivan\.ivy2" />
    <property name="java.vendor.url" value="https://openjdk.java.net/" />
    <property name="java.version.ivy.instance" value="11.0.12" />
    <property name="ivy.default.conf.dir.ivy.instance" value="jar:file:/C:/Users/ivan/git/cs3354-f21-team10/lib/ivy/ivy-2.2.0.jar!/org/apache/ivy/core/settings" />
    <property name="ivy.conf.dir" value="C:\Users\ivan\git\cs3354-f21-team10\build" />
    <property name="sun.boot.library.path" value="C:\Program Files\Java\jdk-11.0.12\bin" />
    <property name="sun.java.command" value="org.apache.tools.ant.taskdefs.optional.junit.JUnitTestRunner testsfile=C:\Users\ivan\git\cs3354-f21-team10\junittestcases17527624604660044768.properties skipNonTests=false filtertrace=true haltOnError=false haltOnFailure=false formatter=org.apache.tools.ant.taskdefs.optional.junit.SummaryJUnitResultFormatter showoutput=true outputtoformatters=true logfailedtests=true threadid=0 logtestlistenerevents=true formatter=org.apache.tools.ant.taskdefs.optional.junit.XMLJUnitResultFormatter,C:\Users\ivan\git\cs3354-f21-team10\build\test\raw-reports\IGNORETHIS.xml crashfile=C:\Users\ivan\git\cs3354-f21-team10\junitvmwatcher10294727032269906070.properties propsfile=C:\Users\ivan\git\cs3354-f21-team10\junit7200174990918435811.properties" />
    <property name="os.version.ivy.instance" value="10.0" />
    <property name="ivy.retrieve.pattern.ivy.instance" value="C:\Users\ivan\git\cs3354-f21-team10/lib/[artifact]-[revision](-[classifier]).[ext]" />
    <property name="user.dir.ivy.instance" value="C:\Users\ivan\git\cs3354-f21-team10" />
    <property name="sun.jnu.encoding.ivy.instance" value="Cp1252" />
    <property name="jdk.debug" value="release" />
    <property name="ivy.revision" value="working@ASRCK-H310M" />
    <property name="java.vendor.version.ivy.instance" value="18.9" />
    <property name="eclipse.pdebuild.templates" value="C:\Users\ivan\.p2\pool\plugins\org.eclipse.pde.build_3.11.100.v20210916-0743\templates" />
    <property name="java.specification.vendor" value="Oracle Corporation" />
    <property name="java.vm.version.ivy.instance" value="11.0.12+8-LTS-237" />
    <property name="file.separator.ivy.instance" value="\" />
    <property name="java.version.date" value="2021-07-20" />
    <property name="java.home" value="C:\Program Files\Java\jdk-11.0.12" />
    <property name="basedir" value="C:\Users\ivan\git\cs3354-f21-team10" />
    <property name="ivy.jar.file" value="C:\Users\ivan\git\cs3354-f21-team10\lib\ivy\ivy-2.2.0.jar" />
    <property name="sun.desktop.ivy.instance" value="windows" />
    <property name="java.specification.name" value="Java Platform API Specification" />
    <property name="java.vm.specification.vendor" value="Oracle Corporation" />
    <property name="user.timezone.ivy.instance" value="America/Chicago" />
    <property name="ivy.conf.file" value="C:\Users\ivan\git\cs3354-f21-team10\build\ivysettings.xml" />
    <property name="user.script.ivy.instance" value="" />
    <property name="user.variant.ivy.instance" value="" />
    <property name="ivy.basedir.ivy.instance" value="C:\Users\ivan\git\cs3354-f21-team10" />
    <property name="ivy.resolve.default.type.filter.ivy.instance" value="*" />
    <property name="ivy.default.ivy.user.dir" value="C:\Users\ivan\.ivy2" />
    <property name="ivy.lib.dir.ivy.instance" value="C:\Users\ivan\git\cs3354-f21-team10/lib" />
    <property name="user.script" value="" />
    <property name="ivy.cache.dir" value="C:\Users\ivan\.ivy2\cache" />
    <property name="sun.management.compiler" value="HotSpot 64-Bit Tiered Compilers" />
    <property name="java.runtime.version" value="11.0.12+8-LTS-237" />
    <property name="init.done" value="true" />
    <property name="java.runtime.name.ivy.instance" value="Java(TM) SE Runtime Environment" />
    <property name="sun.io.unicode.encoding.ivy.instance" value="UnicodeLittle" />
    <property name="polyglot.js.nashorn-compat" value="true" />
    <property name="basedir.ivy.instance" value="C:\Users\ivan\git\cs3354-f21-team10" />
    <property name="file.encoding" value="Cp1252" />
    <property name="ivy.dep.file" value="ivy.xml" />
    <property name="os.name.ivy.instance" value="Windows 10" />
    <property name="user.language.ivy.instance" value="en" />
    <property name="ivy.settings.file" value="ivysettings.xml" />
    <property name="config.build.compilerarg" value="-Xlint:unchecked -Xlint:finally -Xlint:fallthrough -Xmaxwarns 1000" />
    <property name="java.vendor.version" value="18.9" />
    <property name="java.vm.specification.version.ivy.instance" value="11" />
    <property name="ivy.local.default.ivy.pattern" value="[organisation]/[module]/[revision]/[type]s/[artifact].[ext]" />
    <property name="java.vendor.url.ivy.instance" value="https://openjdk.java.net/" />
    <property name="line.separator.ivy.instance" value="&#xd;&#xa;" />
    <property name="java.io.tmpdir" value="C:\Users\ivan\AppData\Local\Temp\" />
    <property name="java.version" value="11.0.12" />
    <property name="ivy.resolved.file" value="C:\Users\ivan\git\cs3354-f21-team10\ivy.xml" />
    <property name="java.vm.specification.name.ivy.instance" value="Java Virtual Machine Specification" />
    <property name="ivy.settings.dir.ivy.instance" value="C:\Users\ivan\git\cs3354-f21-team10\build" />
    <property name="java.vm.specification.name" value="Java Virtual Machine Specification" />
    <property name="java.awt.printerjob" value="sun.awt.windows.WPrinterJob" />
    <property name="sun.cpu.isalist.ivy.instance" value="amd64" />
    <property name="lib.dir" value="C:\Users\ivan\git\cs3354-f21-team10\lib" />
    <property name="file.encoding.ivy.instance" value="Cp1252" />
    <property name="ivy.deliver.ivy.pattern" value="C:\Users\ivan\git\cs3354-f21-team10/distrib/[type]s/[artifact]-[revision](-[classifier]).[ext]" />
    <property name="ivy.status" value="integration" />
    <property name="java.library.path" value="C:\Program Files\Java\jdk-11.0.12\bin;C:\Windows\Sun\Java\bin;C:\Windows\system32;C:\Windows;C:/Program Files/Java/jdk-17.0.1/bin/server;C:/Program Files/Java/jdk-17.0.1/bin;C:\Program Files (x86)\Razer Chroma SDK\bin;C:\Program Files\Razer Chroma SDK\bin;C:\Program Files\Common Files\Oracle\Java\javapath;C:\Program Files (x86)\VMware\VMware Workstation\bin\;C:\Windows\system32;C:\Windows;C:\Windows\System32\Wbem;C:\Windows\System32\WindowsPowerShell\v1.0\;C:\Windows\System32\OpenSSH\;D:\Program Files\Microsoft VS Code\bin;C:\Program Files\NVIDIA Corporation\NVIDIA NvDLISR;C:\Program Files (x86)\NVIDIA Corporation\PhysX\Common;C:\Users\ivan\AppData\Local\Microsoft\WindowsApps;C:\Program Files\Git\cmd;C:\Program Files (x86)\dotnet\;C:\Users\ivan\AppData\Local\Microsoft\WindowsApps;;C:\Users\ivan\Desktop;;." />
    <property name="eclipse.pdebuild.scripts" value="C:\Users\ivan\.p2\pool\plugins\org.eclipse.pde.build_3.11.100.v20210916-0743\scripts" />
    <property name="ant.file.jedit" value="C:\Users\ivan\git\cs3354-f21-team10\build.xml" />
    <property name="java.vendor" value="Oracle Corporation" />
    <property name="ivy.jar.present" value="true" />
    <property name="sun.arch.data.model.ivy.instance" value="64" />
    <property name="sun.io.unicode.encoding" value="UnicodeLittle" />
    <property name="ivy.default.ivy.user.dir.ivy.instance" value="C:\Users\ivan\.ivy2" />
    <property name="textAreaPackage" value="C:\Users\ivan\git\textarea" />
    <property name="sun.desktop" value="windows" />
    <property name="ivy.configurations.ivy.instance" value="*" />
    <property name="java.io.tmpdir.ivy.instance" value="C:\Users\ivan\AppData\Local\Temp\" />
    <property name="java.version.date.ivy.instance" value="2021-07-20" />
    <property name="ivy.default.settings.dir.ivy.instance" value="jar:file:/C:/Users/ivan/git/cs3354-f21-team10/lib/ivy/ivy-2.2.0.jar!/org/apache/ivy/core/settings" />
    <property name="ivy.shared.default.root" value="C:\Users\ivan\.ivy2/shared" />
    <property name="ivy.shared.default.ivy.pattern" value="[organisation]/[module]/[revision]/[type]s/[artifact].[ext]" />
    <property name="ivy.shared.default.ivy.pattern.ivy.instance" value="[organisation]/[module]/[revision]/[type]s/[artifact].[ext]" />
    <property name="user.timezone" value="" />
    <property name="ivy.jar.dir" value="C:\Users\ivan\git\cs3354-f21-team10\lib\ivy" />
    <property name="java.vm.specification.version" value="11" />
    <property name="os.name" value="Windows 10" />
    <property name="ivy.deps.changed" value="false" />
    <property name="config.build.nowarn" value="false" />
    <property name="target.java.version" value="11" />
    <property name="ivy.lib.dir" value="C:\Users\ivan\git\cs3354-f21-team10/lib" />
    <property name="user.home" value="C:\Users\ivan" />
    <property name="ant.file.type.jedit" value="file" />
    <property name="win.filename" value="jedit5.6.0install" />
    <property name="jar.location" value="C:\Users\ivan\git\cs3354-f21-team10\build" />
    <property name="sun.java.command.ivy.instance" value="org.eclipse.ant.internal.launching.remote.InternalAntRunner -Dorg.eclipse.ant.core.ANT_PROCESS_ID=1639339072110 -Declipse.connect.port=58545 -Declipse.pdebuild.home=C:\Users\ivan\.p2\pool\plugins\org.eclipse.pde.build_3.11.100.v20210916-0743\. -Declipse.pdebuild.scripts=C:\Users\ivan\.p2\pool\plugins\org.eclipse.pde.build_3.11.100.v20210916-0743\scripts -Declipse.pdebuild.templates=C:\Users\ivan\.p2\pool\plugins\org.eclipse.pde.build_3.11.100.v20210916-0743\templates -Dant.home=C:\Users\ivan\.p2\pool\plugins\org.apache.ant_1.10.12.v20211102-1452 -logger org.eclipse.ant.internal.launching.remote.logger.RemoteAntBuildLogger -inputhandler org.eclipse.ant.internal.ui.antsupport.inputhandler.ProxyInputHandler -buildfile C:\Users\ivan\git\cs3354-f21-team10\build.xml run" />
    <property name="java.class.path.ivy.instance" value="C:\Users\ivan\.p2\pool\plugins\org.apache.ant_1.10.12.v20211102-1452\lib\ant-antlr.jar;C:\Users\ivan\.p2\pool\plugins\org.apache.ant_1.10.12.v20211102-1452\lib\ant-apache-bcel.jar;C:\Users\ivan\.p2\pool\plugins\org.apache.ant_1.10.12.v20211102-1452\lib\ant-apache-bsf.jar;C:\Users\ivan\.p2\pool\plugins\org.apache.ant_1.10.12.v20211102-1452\lib\ant-apache-log4j.jar;C:\Users\ivan\.p2\pool\plugins\org.apache.ant_1.10.12.v20211102-1452\lib\ant-apache-oro.jar;C:\Users\ivan\.p2\pool\plugins\org.apache.ant_1.10.12.v20211102-1452\lib\ant-apache-regexp.jar;C:\Users\ivan\.p2\pool\plugins\org.apache.ant_1.10.12.v20211102-1452\lib\ant-apache-resolver.jar;C:\Users\ivan\.p2\pool\plugins\org.apache.ant_1.10.12.v20211102-1452\lib\ant-apache-xalan2.jar;C:\Users\ivan\.p2\pool\plugins\org.apache.ant_1.10.12.v20211102-1452\lib\ant-commons-logging.jar;C:\Users\ivan\.p2\pool\plugins\org.apache.ant_1.10.12.v20211102-1452\lib\ant-commons-net.jar;C:\Users\ivan\.p2\pool\plugins\org.apache.ant_1.10.12.v20211102-1452\lib\ant-imageio.jar;C:\Users\ivan\.p2\pool\plugins\org.apache.ant_1.10.12.v20211102-1452\lib\ant-jai.jar;C:\Users\ivan\.p2\pool\plugins\org.apache.ant_1.10.12.v20211102-1452\lib\ant-javamail.jar;C:\Users\ivan\.p2\pool\plugins\org.apache.ant_1.10.12.v20211102-1452\lib\ant-jdepend.jar;C:\Users\ivan\.p2\pool\plugins\org.apache.ant_1.10.12.v20211102-1452\lib\ant-jmf.jar;C:\Users\ivan\.p2\pool\plugins\org.apache.ant_1.10.12.v20211102-1452\lib\ant-jsch.jar;C:\Users\ivan\.p2\pool\plugins\org.apache.ant_1.10.12.v20211102-1452\lib\ant-junit.jar;C:\Users\ivan\.p2\pool\plugins\org.apache.ant_1.10.12.v20211102-1452\lib\ant-junit4.jar;C:\Users\ivan\.p2\pool\plugins\org.apache.ant_1.10.12.v20211102-1452\lib\ant-junitlauncher.jar;C:\Users\ivan\.p2\pool\plugins\org.apache.ant_1.10.12.v20211102-1452\lib\ant-launcher.jar;C:\Users\ivan\.p2\pool\plugins\org.apache.ant_1.10.12.v20211102-1452\lib\ant-netrexx.jar;C:\Users\ivan\.p2\pool\plugins\org.apache.ant_1.10.12.v20211102-1452\lib\ant-swing.jar;C:\Users\ivan\.p2\pool\plugins\org.apache.ant_1.10.12.v20211102-1452\lib\ant-testutil.jar;C:\Users\ivan\.p2\pool\plugins\org.apache.ant_1.10.12.v20211102-1452\lib\ant-xz.jar;C:\Users\ivan\.p2\pool\plugins\org.apache.ant_1.10.12.v20211102-1452\lib\ant.jar;C:\Users\ivan\.eclipse\org.eclipse.platform_4.21.0_690871142_win32_win32_x86_64\configuration\org.eclipse.osgi\101\0\.cp\lib\antdebug.jar;C:\Users\ivan\.eclipse\org.eclipse.platform_4.21.0_690871142_win32_win32_x86_64\configuration\org.eclipse.osgi\101\0\.cp\lib\remote.jar;C:\Users\ivan\.eclipse\org.eclipse.platform_4.21.0_690871142_win32_win32_x86_64\configuration\org.eclipse.osgi\102\0\.cp\lib\remoteAnt.jar;C:\Users\ivan\.p2\pool\plugins\org.eclipse.swt.win32.win32.x86_64_3.118.0.v20211123-0851.jar" />
    <property name="eclipse.pdebuild.home" value="C:\Users\ivan\.p2\pool\plugins\org.eclipse.pde.build_3.11.100.v20210916-0743\." />
    <property name="ivy.publish.src.artifacts.pattern.ivy.instance" value="C:\Users\ivan\git\cs3354-f21-team10/distrib/[type]s/[artifact]-[revision](-[classifier]).[ext]" />
    <property name="ivy.checksums" value="sha1,md5" />
    <property name="java.awt.graphicsenv" value="sun.awt.Win32GraphicsEnvironment" />
    <property name="ivy.default.settings.dir" value="jar:file:/C:/Users/ivan/git/cs3354-f21-team10/lib/ivy/ivy-2.2.0.jar!/org/apache/ivy/core/settings" />
    <property name="ivy.version" value="2.2.0" />
    <property name="java.vm.info.ivy.instance" value="mixed mode" />
    <property name="ivy.distrib.dir" value="C:\Users\ivan\git\cs3354-f21-team10/distrib" />
    <property name="ant.library.dir.ivy.instance" value="C:\Users\ivan\.p2\pool\plugins\org.apache.ant_1.10.12.v20211102-1452\lib" />
    <property name="ivy.settings.url.ivy.instance" value="file:/C:/Users/ivan/git/cs3354-f21-team10/build/ivysettings.xml" />
    <property name="ivy.project.dir" value="C:\Users\ivan\git\cs3354-f21-team10" />
    <property name="ant.file" value="C:\Users\ivan\git\cs3354-f21-team10\build.xml" />
    <property name="path.separator" value=";" />
    <property name="awt.toolkit.ivy.instance" value="sun.awt.windows.WToolkit" />
    <property name="os.version" value="10.0" />
    <property name="ivy.default.always.check.exact.revision.ivy.instance" value="false" />
    <property name="java.vm.name" value="Java HotSpot(TM) 64-Bit Server VM" />
    <property name="ivy.buildlist.ivyfilepath" value="ivy.xml" />
    <property name="os.arch" value="amd64" />
    <property name="config.build.debuglevel" value="lines,vars,source" />
    <property name="ivy.shared.default.root.ivy.instance" value="C:\Users\ivan\.ivy2/shared" />
    <property name="ivy.deliver.ivy.pattern.ivy.instance" value="C:\Users\ivan\git\cs3354-f21-team10/distrib/[type]s/[artifact]-[revision](-[classifier]).[ext]" />
    <property name="java.vm.info" value="mixed mode" />
    <property name="ivy.conf.dir.ivy.instance" value="C:\Users\ivan\git\cs3354-f21-team10\build" />
    <property name="user.country.ivy.instance" value="US" />
    <property name="java.class.version" value="55.0" />
    <property name="ivy.jar.filename" value="ivy-2.2.0.jar" />
    <property name="ant.project.default-target" value="build" />
    <property name="ant.library.dir" value="C:\Users\ivan\.p2\pool\plugins\org.apache.ant_1.10.12.v20211102-1452\lib" />
    <property name="awt.toolkit" value="sun.awt.windows.WToolkit" />
    <property name="ivy.cache.dir.ivy.instance" value="C:\Users\ivan\.ivy2\cache" />
    <property name="ant.project.name" value="jedit" />
    <property name="jdk.debug.ivy.instance" value="release" />
    <property name="sun.jnu.encoding" value="Cp1252" />
    <property name="java.specification.name.ivy.instance" value="Java Platform API Specification" />
    <property name="ivy.settings.file.ivy.instance" value="C:\Users\ivan\git\cs3354-f21-team10\build\ivysettings.xml" />
    <property name="jar.filename" value="jedit.jar" />
    <property name="ivy.default.conf.dir" value="jar:file:/C:/Users/ivan/git/cs3354-f21-team10/lib/ivy/ivy-2.2.0.jar!/org/apache/ivy/core/settings" />
    <property name="java.runtime.version.ivy.instance" value="11.0.12+8-LTS-237" />
    <property name="java.vm.specification.vendor.ivy.instance" value="Oracle Corporation" />
    <property name="ivy.local.default.artifact.pattern.ivy.instance" value="[organisation]/[module]/[revision]/[type]s/[artifact].[ext]" />
    <property name="ivy.build.artifacts.dir.ivy.instance" value="C:\Users\ivan\git\cs3354-f21-team10/build/artifacts" />
    <property name="ivy.settings.dir" value="C:\Users\ivan\git\cs3354-f21-team10\build" />
    <property name="config.ivy.version" value="2.2.0" />
    <property name="sun.java.launcher.ivy.instance" value="SUN_STANDARD" />
    <property name="ivy.local.default.root.ivy.instance" value="C:\Users\ivan\.ivy2/local" />
    <property name="java.awt.graphicsenv.ivy.instance" value="sun.awt.Win32GraphicsEnvironment" />
    <property name="ivy.local.default.artifact.pattern" value="[organisation]/[module]/[revision]/[type]s/[artifact].[ext]" />
    <property name="mac.disk.image.filename" value="jedit5.6.0install.dmg" />
    <property name="java.class.version.ivy.instance" value="55.0" />
    <property name="jedit.version.final" value="true" />
    <property name="ivy.resolve.default.type.filter" value="*" />
    <property name="sun.management.compiler.ivy.instance" value="HotSpot 64-Bit Tiered Compilers" />
    <property name="ivy.cache.ttl.default.ivy.instance" value="10s" />
    <property name="file.separator" value="\" />
    <property name="java.vm.compressedOopsMode" value="Zero based" />
    <property name="ivy.dep.file.ivy.instance" value="ivy.xml" />
    <property name="line.separator" value="&#xd;&#xa;" />
    <property name="ivy.organisation" value="org.jedit" />
    <property name="ivy.buildlist.ivyfilepath.ivy.instance" value="ivy.xml" />
    <property name="java.vm.compressedOopsMode.ivy.instance" value="Zero based" />
    <property name="src.archive.filename" value="jedit5.6.0source.tar.bz2" />
    <property name="user.name" value="ivan" />
    <property name="sun.os.patch.level.ivy.instance" value="" />
    <property name="ivy.publish.src.artifacts.pattern" value="C:\Users\ivan\git\cs3354-f21-team10/distrib/[type]s/[artifact]-[revision](-[classifier]).[ext]" />
    <property name="dist.dir" value="C:\Users\ivan\git\cs3354-f21-team10\dist" />
    <property name="build.dir" value="C:\Users\ivan\git\cs3354-f21-team10\build" />
    <property name="jedit.version" value="5.6.0" />
    <property name="ant.home" value="C:\Users\ivan\.p2\pool\plugins\org.apache.ant_1.10.12.v20211102-1452" />
    <property name="ivy.module" value="jedit" />
    <property name="sun.os.patch.level" value="" />
    <property name="ivy.report.output.pattern" value="[organisation]-[module]-[conf].[ext]" />
    <property name="ant.version" value="Apache Ant(TM) version 1.10.12 compiled on October 13 2021" />
    <property name="ivy.log.modules.in.use" value="false" />
    <property name="ivy.nb.targets.copied" value="0" />
    <property name="ivy.conf.url.ivy.instance" value="file:/C:/Users/ivan/git/cs3354-f21-team10/build/ivysettings.xml" />
    <property name="classes.dir" value="C:\Users\ivan\git\cs3354-f21-team10\build\classes" />
    <property name="os.arch.ivy.instance" value="amd64" />
    <property name="java.library.path.ivy.instance" value="D:\Program Files\Eclipse\javaEE-ide\eclipse;C:\Windows\Sun\Java\bin;C:\Windows\system32;C:\Windows;C:\Program Files (x86)\Razer Chroma SDK\bin;C:\Program Files\Razer Chroma SDK\bin;C:\Program Files\Common Files\Oracle\Java\javapath;C:\Program Files (x86)\VMware\VMware Workstation\bin\;C:\Windows\system32;C:\Windows;C:\Windows\System32\Wbem;C:\Windows\System32\WindowsPowerShell\v1.0\;C:\Windows\System32\OpenSSH\;D:\Program Files\Microsoft VS Code\bin;C:\Program Files\NVIDIA Corporation\NVIDIA NvDLISR;C:\Program Files (x86)\NVIDIA Corporation\PhysX\Common;C:\Users\ivan\AppData\Local\Microsoft\WindowsApps;C:\Program Files\Git\cmd;C:\Program Files (x86)\dotnet\;C:\Users\ivan\AppData\Local\Microsoft\WindowsApps;;.;C:\Users\ivan\.eclipse\org.eclipse.platform_4.21.0_690871142_win32_win32_x86_64\configuration\org.eclipse.osgi\746\0\.cp" />
    <property name="ivy.shared.default.artifact.pattern.ivy.instance" value="[organisation]/[module]/[revision]/[type]s/[artifact].[ext]" />
    <property name="user.home.ivy.instance" value="C:\Users\ivan" />
    <property name="java.vendor.url.bug.ivy.instance" value="https://bugreport.java.com/bugreport/" />
    <property name="ivy.local.default.root" value="C:\Users\ivan\.ivy2/local" />
    <property name="java.class.path" value="C:\Users\ivan\git\cs3354-f21-team10\lib\test\apiguardian-api.jar;C:\Users\ivan\git\cs3354-f21-team10\lib\test\byte-buddy-agent.jar;C:\Users\ivan\git\cs3354-f21-team10\lib\test\byte-buddy.jar;C:\Users\ivan\git\cs3354-f21-team10\lib\test\hamcrest-core.jar;C:\Users\ivan\git\cs3354-f21-team10\lib\test\hamcrest-library.jar;C:\Users\ivan\git\cs3354-f21-team10\lib\test\hamcrest.jar;C:\Users\ivan\git\cs3354-f21-team10\lib\test\jsr305.jar;C:\Users\ivan\git\cs3354-f21-team10\lib\test\junit-jupiter-api.jar;C:\Users\ivan\git\cs3354-f21-team10\lib\test\junit-platform-commons.jar;C:\Users\ivan\git\cs3354-f21-team10\lib\test\junit.jar;C:\Users\ivan\git\cs3354-f21-team10\lib\test\mockito-core.jar;C:\Users\ivan\git\cs3354-f21-team10\lib\test\mockito-junit-jupiter.jar;C:\Users\ivan\git\cs3354-f21-team10\lib\test\objenesis.jar;C:\Users\ivan\git\cs3354-f21-team10\lib\test\opentest4j.jar;C:\Users\ivan\git\cs3354-f21-team10\build\classes\core;C:\Users\ivan\git\cs3354-f21-team10\build\classes\test;C:\Users\ivan\.p2\pool\plugins\org.apache.ant_1.10.12.v20211102-1452\lib\ant.jar;C:\Users\ivan\.p2\pool\plugins\org.apache.ant_1.10.12.v20211102-1452\lib\ant-junit.jar;C:\Users\ivan\.p2\pool\plugins\org.apache.ant_1.10.12.v20211102-1452\lib\ant-junit4.jar" />
    <property name="java.vm.vendor" value="Oracle Corporation" />
    <property name="java.awt.printerjob.ivy.instance" value="sun.awt.windows.WPrinterJob" />
    <property name="java.vendor.ivy.instance" value="Oracle Corporation" />
    <property name="user.variant" value="" />
    <property name="ivy.project.dir.ivy.instance" value="C:\Users\ivan\git\cs3354-f21-team10" />
    <property name="config.build.deprecation" value="true" />
    <property name="ivy.status.ivy.instance" value="integration" />
    <property name="sun.java.launcher" value="SUN_STANDARD" />
    <property name="user.country" value="US" />
    <property name="jedit.build.number" value="05.06.99.00" />
    <property name="ivy.retrieve.pattern" value="C:\Users\ivan\git\cs3354-f21-team10\lib/[conf]/[artifact](-[classifier]).[ext]" />
    <property name="sun.cpu.endian" value="little" />
    <property name="user.language" value="en" />
    <property name="ivy.checksums.ivy.instance" value="sha1,md5" />
    <property name="config.dist.dir" value="dist" />
    <property name="user.name.ivy.instance" value="ivan" />
    <property name="ivy.home.ivy.instance" value="C:\Users\ivan\.ivy2" />
    <property name="ant.java.version" value="11" />
    <property name="ivy.conf.file.ivy.instance" value="C:\Users\ivan\git\cs3354-f21-team10\build\ivysettings.xml" />
    <property name="ivy.basedir" value="C:\Users\ivan\git\cs3354-f21-team10" />
    <property name="java.vm.vendor.ivy.instance" value="Oracle Corporation" />
    <property name="ant.home.ivy.instance" value="C:\Users\ivan\.p2\pool\plugins\org.apache.ant_1.10.12.v20211102-1452" />
    <property name="ivy.cache.ttl.default" value="10s" />
    <property name="jedit.plugins.artifact.patterns" value="&lt;artifact pattern=&quot;jar:http://ayera.dl.sourceforge.net/project/jedit-plugins/[artifact]/[revision]/[artifact]-[revision]-bin.zip!/[artifact].jar&quot; /&gt;&#xa;&lt;artifact pattern=&quot;jar:http://cfhcable.dl.sourceforge.net/project/jedit-plugins/[artifact]/[revision]/[artifact]-[revision]-bin.zip!/[artifact].jar&quot; /&gt;&#xa;&lt;artifact pattern=&quot;jar:http://deac-ams.dl.sourceforge.net/project/jedit-plugins/[artifact]/[revision]/[artifact]-[revision]-bin.zip!/[artifact].jar&quot; /&gt;&#xa;&lt;artifact pattern=&quot;jar:http://deac-fra.dl.sourceforge.net/project/jedit-plugins/[artifact]/[revision]/[artifact]-[revision]-bin.zip!/[artifact].jar&quot; /&gt;&#xa;&lt;artifact pattern=&quot;jar:http://deac-riga.dl.sourceforge.net/project/jedit-plugins/[artifact]/[revision]/[artifact]-[revision]-bin.zip!/[artifact].jar&quot; /&gt;&#xa;&lt;artifact pattern=&quot;jar:http://freefr.dl.sourceforge.net/project/jedit-plugins/[artifact]/[revision]/[artifact]-[revision]-bin.zip!/[artifact].jar&quot; /&gt;&#xa;&lt;artifact pattern=&quot;jar:http://gigenet.dl.sourceforge.net/project/jedit-plugins/[artifact]/[revision]/[artifact]-[revision]-bin.zip!/[artifact].jar&quot; /&gt;&#xa;&lt;artifact pattern=&quot;jar:http://iweb.dl.sourceforge.net/project/jedit-plugins/[artifact]/[revision]/[artifact]-[revision]-bin.zip!/[artifact].jar&quot; /&gt;&#xa;&lt;artifact pattern=&quot;jar:http://jaist.dl.sourceforge.net/project/jedit-plugins/[artifact]/[revision]/[artifact]-[revision]-bin.zip!/[artifact].jar&quot; /&gt;&#xa;&lt;artifact pattern=&quot;jar:http://jztkft.dl.sourceforge.net/project/jedit-plugins/[artifact]/[revision]/[artifact]-[revision]-bin.zip!/[artifact].jar&quot; /&gt;&#xa;&lt;artifact pattern=&quot;jar:http://kumisystems.dl.sourceforge.net/project/jedit-plugins/[artifact]/[revision]/[artifact]-[revision]-bin.zip!/[artifact].jar&quot; /&gt;&#xa;&lt;artifact pattern=&quot;jar:http://managedway.dl.sourceforge.net/project/jedit-plugins/[artifact]/[revision]/[artifact]-[revision]-bin.zip!/[artifact].jar&quot; /&gt;&#xa;&lt;artifact pattern=&quot;jar:http://nchc.dl.sourceforge.net/project/jedit-plugins/[artifact]/[revision]/[artifact]-[revision]-bin.zip!/[artifact].jar&quot; /&gt;&#xa;&lt;artifact pattern=&quot;jar:http://netactuate.dl.sourceforge.net/project/jedit-plugins/[artifact]/[revision]/[artifact]-[revision]-bin.zip!/[artifact].jar&quot; /&gt;&#xa;&lt;artifact pattern=&quot;jar:http://netcologne.dl.sourceforge.net/project/jedit-plugins/[artifact]/[revision]/[artifact]-[revision]-bin.zip!/[artifact].jar&quot; /&gt;&#xa;&lt;artifact pattern=&quot;jar:http://netix.dl.sourceforge.net/project/jedit-plugins/[artifact]/[revision]/[artifact]-[revision]-bin.zip!/[artifact].jar&quot; /&gt;&#xa;&lt;artifact pattern=&quot;jar:http://phoenixnap.dl.sourceforge.net/project/jedit-plugins/[artifact]/[revision]/[artifact]-[revision]-bin.zip!/[artifact].jar&quot; /&gt;&#xa;&lt;artifact pattern=&quot;jar:http://pilotfiber.dl.sourceforge.net/project/jedit-plugins/[artifact]/[revision]/[artifact]-[revision]-bin.zip!/[artifact].jar&quot; /&gt;&#xa;&lt;artifact pattern=&quot;jar:http://razaoinfo.dl.sourceforge.net/project/jedit-plugins/[artifact]/[revision]/[artifact]-[revision]-bin.zip!/[artifact].jar&quot; /&gt;&#xa;&lt;artifact pattern=&quot;jar:http://tenet.dl.sourceforge.net/project/jedit-plugins/[artifact]/[revision]/[artifact]-[revision]-bin.zip!/[artifact].jar&quot; /&gt;&#xa;&lt;artifact pattern=&quot;jar:http://udomain.dl.sourceforge.net/project/jedit-plugins/[artifact]/[revision]/[artifact]-[revision]-bin.zip!/[artifact].jar&quot; /&gt;&#xa;&lt;artifact pattern=&quot;jar:http://ufpr.dl.sourceforge.net/project/jedit-plugins/[artifact]/[revision]/[artifact]-[revision]-bin.zip!/[artifact].jar&quot; /&gt;&#xa;&lt;artifact pattern=&quot;jar:http://versaweb.dl.sourceforge.net/project/jedit-plugins/[artifact]/[revision]/[artifact]-[revision]-bin.zip!/[artifact].jar&quot; /&gt;&#xa;&lt;artifact pattern=&quot;jar:http://vorboss.dl.sourceforge.net/project/jedit-plugins/[artifact]/[revision]/[artifact]-[revision]-bin.zip!/[artifact].jar&quot; /&gt;&#xa;" />
    <property name="java.vm.name.ivy.instance" value="Java HotSpot(TM) 64-Bit Server VM" />
    <property name="ivy.resolver.default.check.modified.ivy.instance" value="false" />
    <property name="java.specification.vendor.ivy.instance" value="Oracle Corporation" />
    <property name="ivy.configurations" value="*" />
    <property name="polyglot.js.nashorn-compat.ivy.instance" value="true" />
    <property name="ivy.default.always.check.exact.revision" value="false" />
    <property name="java.runtime.name" value="Java(TM) SE Runtime Environment" />
    <property name="ivy.distrib.dir.ivy.instance" value="C:\Users\ivan\git\cs3354-f21-team10/distrib" />
    <property name="ant.project.invoked-targets" value="run" />
    <property name="ant.core.lib" value="C:\Users\ivan\.p2\pool\plugins\org.apache.ant_1.10.12.v20211102-1452\lib\ant.jar" />
    <property name="java.vendor.url.bug" value="https://bugreport.java.com/bugreport/" />
    <property name="user.dir" value="C:\Users\ivan\git\cs3354-f21-team10" />
    <property name="ivy.done" value="true" />
    <property name="config.build.dir" value="build" />
    <property name="path.separator.ivy.instance" value=";" />
    <property name="ivy.local.default.ivy.pattern.ivy.instance" value="[organisation]/[module]/[revision]/[type]s/[artifact].[ext]" />
    <property name="ivy.report.output.pattern.ivy.instance" value="[organisation]-[module]-[conf].[ext]" />
    <property name="ivy.log.modules.in.use.ivy.instance" value="false" />
    <property name="java.vm.version" value="11.0.12+8-LTS-237" />
    <property name="ivy.targets.copied" value="false" />
    <property name="ivy.resolver.default.check.modified" value="false" />
    <property name="java.home.ivy.instance" value="C:\Program Files\Java\jdk-11.0.12" />
    <property name="dist.jar.filename" value="jedit5.6.0install.jar" />
    <property name="ivy.shared.default.artifact.pattern" value="[organisation]/[module]/[revision]/[type]s/[artifact].[ext]" />
    <property name="ivy.settings.url" value="file:/C:/Users/ivan/git/cs3354-f21-team10/build/ivysettings.xml" />
    <property name="ivy.build.artifacts.dir" value="C:\Users\ivan\git\cs3354-f21-team10/build/artifacts" />
    <property name="ivy.resolved.configurations" value="default, master, compile, runtime, test, provided, sources, javadoc, ant-contrib, docbook, fop, launch4j, scripting, default-plugins, appbundler" />
    <property name="ivy.conf.url" value="file:/C:/Users/ivan/git/cs3354-f21-team10/build/ivysettings.xml" />
  </properties>
  <testcase classname="org.gjt.sp.util.StandardUtilitiesTest" name="regionMatches2" time="0.001" />
  <testcase classname="org.gjt.sp.util.StandardUtilitiesTest" name="getLeadingWhiteSpaceWidth1" time="0.0" />
  <testcase classname="org.gjt.sp.util.StandardUtilitiesTest" name="getLeadingWhiteSpaceWidth3" time="0.0" />
  <testcase classname="org.gjt.sp.util.StandardUtilitiesTest" name="getIndentString" time="0.0" />
  <testcase classname="org.gjt.sp.util.StandardUtilitiesTest" name="startsWith" time="0.0" />
  <testcase classname="org.gjt.sp.util.StandardUtilitiesTest" name="compareStrings" time="0.042" />
  <testcase classname="org.gjt.sp.util.StandardUtilitiesTest" name="compareStrings2" time="0.0" />
  <testcase classname="org.gjt.sp.util.StandardUtilitiesTest" name="compareStrings3" time="0.001" />
  <testcase classname="org.gjt.sp.util.StandardUtilitiesTest" name="compareStrings4" time="0.0" />
  <testcase classname="org.gjt.sp.util.StandardUtilitiesTest" name="compareStrings5" time="0.0" />
  <testcase classname="org.gjt.sp.util.StandardUtilitiesTest" name="compareStrings6" time="0.0" />
  <testcase classname="org.gjt.sp.util.StandardUtilitiesTest" name="compareStrings7" time="0.0" />
  <testcase classname="org.gjt.sp.util.StandardUtilitiesTest" name="startsWith2" time="0.0" />
  <testcase classname="org.gjt.sp.util.StandardUtilitiesTest" name="createWhiteSpace01" time="0.0" />
  <testcase classname="org.gjt.sp.util.StandardUtilitiesTest" name="getOffsetOfVirtualColumn2" time="0.0" />
  <testcase classname="org.gjt.sp.util.StandardUtilitiesTest" name="getOffsetOfVirtualColumn3" time="0.0" />
  <testcase classname="org.gjt.sp.util.StandardUtilitiesTest" name="formatFileSize" time="0.002" />
  <testcase classname="org.gjt.sp.util.StandardUtilitiesTest" name="regionMatches" time="0.0" />
  <testcase classname="org.gjt.sp.util.StandardUtilitiesTest" name="getVirtualWidthEmptySegment" time="0.0" />
  <testcase classname="org.gjt.sp.util.StandardUtilitiesTest" name="globToRE" time="0.0" />
  <testcase classname="org.gjt.sp.util.StandardUtilitiesTest" name="charsToEscapes" time="0.0" />
  <testcase classname="org.gjt.sp.util.StandardUtilitiesTest" name="getBoolean2" time="0.0" />
  <testcase classname="org.gjt.sp.util.StandardUtilitiesTest" name="getBoolean3" time="0.0" />
  <testcase classname="org.gjt.sp.util.StandardUtilitiesTest" name="getBoolean4" time="0.0" />
  <testcase classname="org.gjt.sp.util.StandardUtilitiesTest" name="getBoolean5" time="0.0" />
  <testcase classname="org.gjt.sp.util.StandardUtilitiesTest" name="getBoolean6" time="0.0" />
  <testcase classname="org.gjt.sp.util.StandardUtilitiesTest" name="getBoolean7" time="0.0" />
  <testcase classname="org.gjt.sp.util.StandardUtilitiesTest" name="getBoolean8" time="0.0" />
  <testcase classname="org.gjt.sp.util.StandardUtilitiesTest" name="getBoolean9" time="0.0" />
  <testcase classname="org.gjt.sp.util.StandardUtilitiesTest" name="createWhiteSpace0" time="0.0" />
  <testcase classname="org.gjt.sp.util.StandardUtilitiesTest" name="createWhiteSpace1" time="0.0" />
  <testcase classname="org.gjt.sp.util.StandardUtilitiesTest" name="createWhiteSpace4" time="0.0" />
  <testcase classname="org.gjt.sp.util.StandardUtilitiesTest" name="getOffsetOfVirtualColumn" time="0.0" />
  <testcase classname="org.gjt.sp.util.StandardUtilitiesTest" name="charsToEscapes2" time="0.0" />
  <testcase classname="org.gjt.sp.util.StandardUtilitiesTest" name="globToRE2" time="0.0" />
  <testcase classname="org.gjt.sp.util.StandardUtilitiesTest" name="globToRE3" time="0.0" />
  <testcase classname="org.gjt.sp.util.StandardUtilitiesTest" name="globToRE4" time="0.0" />
  <testcase classname="org.gjt.sp.util.StandardUtilitiesTest" name="globToRE5" time="0.0" />
  <testcase classname="org.gjt.sp.util.StandardUtilitiesTest" name="globToRE6" time="0.0" />
  <testcase classname="org.gjt.sp.util.StandardUtilitiesTest" name="globToRE7" time="0.0" />
  <testcase classname="org.gjt.sp.util.StandardUtilitiesTest" name="getLeadingWhiteSpace" time="0.0" />
  <testcase classname="org.gjt.sp.util.StandardUtilitiesTest" name="getVirtualWidth" time="0.0" />
  <testcase classname="org.gjt.sp.util.StandardUtilitiesTest" name="getTrailingWhiteSpace" time="0.0" />
  <testcase classname="org.gjt.sp.util.StandardUtilitiesTest" name="getBoolean" time="0.0" />
  <testcase classname="org.gjt.sp.util.StandardUtilitiesTest" name="compareStringsDigit1" time="0.0" />
  <testcase classname="org.gjt.sp.util.StandardUtilitiesTest" name="formatFileSize2" time="0.0" />
  <testcase classname="org.gjt.sp.util.StandardUtilitiesTest" name="formatFileSize3" time="0.001" />
  <testcase classname="org.gjt.sp.util.StandardUtilitiesTest" name="formatFileSize4" time="0.001" />
  <testcase classname="org.gjt.sp.util.StandardUtilitiesTest" name="formatFileSize5" time="0.004" />
  <system-out><![CDATA[]]></system-out>
  <system-err><![CDATA[]]></system-err>
</testsuite>
